2012-03-19 04:09:22,049 - Log4JLogChute initialized using file 'velocity.log'
2012-03-19 04:09:22,049 - Initializing Velocity, Calling init()...
2012-03-19 04:09:22,049 - Starting Apache Velocity v1.7 (compiled: 2010-11-19 12:14:37)
2012-03-19 04:09:22,050 - Default Properties File: org\apache\velocity\runtime\defaults\velocity.properties
2012-03-19 04:09:22,050 - Trying to use logger class org.apache.velocity.runtime.log.AvalonLogChute
2012-03-19 04:09:22,050 - Target log system for org.apache.velocity.runtime.log.AvalonLogChute is not available (java.lang.NoClassDefFoundError: org/apache/log/format/Formatter).  Falling back to next log system...
2012-03-19 04:09:22,050 - Trying to use logger class org.apache.velocity.runtime.log.Log4JLogChute
2012-03-19 04:09:22,050 - Using logger class org.apache.velocity.runtime.log.Log4JLogChute
2012-03-19 04:09:22,061 - ResourceLoader instantiated: org.apache.velocity.runtime.resource.loader.StringResourceLoader
2012-03-19 04:09:22,063 - Creating string repository using class org.apache.velocity.runtime.resource.util.StringResourceRepositoryImpl...
2012-03-19 04:09:22,063 - Default repository encoding is UTF-8
2012-03-19 04:09:22,088 - ResourceCache: initialized (class org.apache.velocity.runtime.resource.ResourceCacheImpl) with class java.util.Collections$SynchronizedMap cache map.
2012-03-19 04:09:22,092 - Loaded System Directive: org.apache.velocity.runtime.directive.Stop
2012-03-19 04:09:22,097 - Loaded System Directive: org.apache.velocity.runtime.directive.Define
2012-03-19 04:09:22,098 - Loaded System Directive: org.apache.velocity.runtime.directive.Break
2012-03-19 04:09:22,100 - Loaded System Directive: org.apache.velocity.runtime.directive.Evaluate
2012-03-19 04:09:22,101 - Loaded System Directive: org.apache.velocity.runtime.directive.Literal
2012-03-19 04:09:22,104 - Loaded System Directive: org.apache.velocity.runtime.directive.Macro
2012-03-19 04:09:22,107 - Loaded System Directive: org.apache.velocity.runtime.directive.Parse
2012-03-19 04:09:22,111 - Loaded System Directive: org.apache.velocity.runtime.directive.Include
2012-03-19 04:09:22,113 - Loaded System Directive: org.apache.velocity.runtime.directive.Foreach
2012-03-19 04:09:22,185 - Created '20' parsers.
2012-03-19 04:09:22,205 - Velocimacro : "velocimacro.library" is not set.  Trying default library: VM_global_library.vm
2012-03-19 04:09:22,206 - Velocimacro : Default library not found.
2012-03-19 04:09:22,206 - Velocimacro : allowInline = true : VMs can be defined inline in templates
2012-03-19 04:09:22,206 - Velocimacro : allowInlineToOverride = false : VMs defined inline may NOT replace previous VM definitions
2012-03-19 04:09:22,206 - Velocimacro : allowInlineLocal = false : VMs defined inline will be global in scope if allowed.
2012-03-19 04:09:22,206 - Velocimacro : autoload off : VM system will not automatically reload global library macros
2012-03-19 04:09:22,220 - ResourceManager : found /velocity/ with loader org.apache.velocity.runtime.resource.loader.StringResourceLoader
2012-03-19 04:09:50,396 - Log4JLogChute initialized using file 'velocity.log'
2012-03-19 04:09:50,396 - Initializing Velocity, Calling init()...
2012-03-19 04:09:50,396 - Starting Apache Velocity v1.7 (compiled: 2010-11-19 12:14:37)
2012-03-19 04:09:50,396 - Default Properties File: org\apache\velocity\runtime\defaults\velocity.properties
2012-03-19 04:09:50,396 - Trying to use logger class org.apache.velocity.runtime.log.AvalonLogChute
2012-03-19 04:09:50,396 - Target log system for org.apache.velocity.runtime.log.AvalonLogChute is not available (java.lang.NoClassDefFoundError: org/apache/log/format/Formatter).  Falling back to next log system...
2012-03-19 04:09:50,396 - Trying to use logger class org.apache.velocity.runtime.log.Log4JLogChute
2012-03-19 04:09:50,396 - Using logger class org.apache.velocity.runtime.log.Log4JLogChute
2012-03-19 04:09:50,407 - ResourceLoader instantiated: org.apache.velocity.runtime.resource.loader.StringResourceLoader
2012-03-19 04:09:50,409 - Creating string repository using class org.apache.velocity.runtime.resource.util.StringResourceRepositoryImpl...
2012-03-19 04:09:50,410 - Default repository encoding is UTF-8
2012-03-19 04:09:50,434 - ResourceCache: initialized (class org.apache.velocity.runtime.resource.ResourceCacheImpl) with class java.util.Collections$SynchronizedMap cache map.
2012-03-19 04:09:50,438 - Loaded System Directive: org.apache.velocity.runtime.directive.Stop
2012-03-19 04:09:50,441 - Loaded System Directive: org.apache.velocity.runtime.directive.Define
2012-03-19 04:09:50,443 - Loaded System Directive: org.apache.velocity.runtime.directive.Break
2012-03-19 04:09:50,445 - Loaded System Directive: org.apache.velocity.runtime.directive.Evaluate
2012-03-19 04:09:50,446 - Loaded System Directive: org.apache.velocity.runtime.directive.Literal
2012-03-19 04:09:50,449 - Loaded System Directive: org.apache.velocity.runtime.directive.Macro
2012-03-19 04:09:50,452 - Loaded System Directive: org.apache.velocity.runtime.directive.Parse
2012-03-19 04:09:50,455 - Loaded System Directive: org.apache.velocity.runtime.directive.Include
2012-03-19 04:09:50,458 - Loaded System Directive: org.apache.velocity.runtime.directive.Foreach
2012-03-19 04:09:50,534 - Created '20' parsers.
2012-03-19 04:09:50,553 - Velocimacro : "velocimacro.library" is not set.  Trying default library: VM_global_library.vm
2012-03-19 04:09:50,553 - Velocimacro : Default library not found.
2012-03-19 04:09:50,553 - Velocimacro : allowInline = true : VMs can be defined inline in templates
2012-03-19 04:09:50,553 - Velocimacro : allowInlineToOverride = false : VMs defined inline may NOT replace previous VM definitions
2012-03-19 04:09:50,553 - Velocimacro : allowInlineLocal = false : VMs defined inline will be global in scope if allowed.
2012-03-19 04:09:50,553 - Velocimacro : autoload off : VM system will not automatically reload global library macros
2012-03-19 04:09:50,569 - ResourceManager : found /velocity/ with loader org.apache.velocity.runtime.resource.loader.StringResourceLoader
2012-03-19 04:10:13,459 - Log4JLogChute initialized using file 'velocity.log'
2012-03-19 04:10:13,460 - Initializing Velocity, Calling init()...
2012-03-19 04:10:13,460 - Starting Apache Velocity v1.7 (compiled: 2010-11-19 12:14:37)
2012-03-19 04:10:13,460 - Default Properties File: org\apache\velocity\runtime\defaults\velocity.properties
2012-03-19 04:10:13,460 - Trying to use logger class org.apache.velocity.runtime.log.AvalonLogChute
2012-03-19 04:10:13,460 - Target log system for org.apache.velocity.runtime.log.AvalonLogChute is not available (java.lang.NoClassDefFoundError: org/apache/log/format/Formatter).  Falling back to next log system...
2012-03-19 04:10:13,460 - Trying to use logger class org.apache.velocity.runtime.log.Log4JLogChute
2012-03-19 04:10:13,460 - Using logger class org.apache.velocity.runtime.log.Log4JLogChute
2012-03-19 04:10:13,470 - ResourceLoader instantiated: org.apache.velocity.runtime.resource.loader.StringResourceLoader
2012-03-19 04:10:13,472 - Creating string repository using class org.apache.velocity.runtime.resource.util.StringResourceRepositoryImpl...
2012-03-19 04:10:13,472 - Default repository encoding is UTF-8
2012-03-19 04:10:13,497 - ResourceCache: initialized (class org.apache.velocity.runtime.resource.ResourceCacheImpl) with class java.util.Collections$SynchronizedMap cache map.
2012-03-19 04:10:13,500 - Loaded System Directive: org.apache.velocity.runtime.directive.Stop
2012-03-19 04:10:13,503 - Loaded System Directive: org.apache.velocity.runtime.directive.Define
2012-03-19 04:10:13,504 - Loaded System Directive: org.apache.velocity.runtime.directive.Break
2012-03-19 04:10:13,506 - Loaded System Directive: org.apache.velocity.runtime.directive.Evaluate
2012-03-19 04:10:13,507 - Loaded System Directive: org.apache.velocity.runtime.directive.Literal
2012-03-19 04:10:13,510 - Loaded System Directive: org.apache.velocity.runtime.directive.Macro
2012-03-19 04:10:13,514 - Loaded System Directive: org.apache.velocity.runtime.directive.Parse
2012-03-19 04:10:13,516 - Loaded System Directive: org.apache.velocity.runtime.directive.Include
2012-03-19 04:10:13,519 - Loaded System Directive: org.apache.velocity.runtime.directive.Foreach
2012-03-19 04:10:13,589 - Created '20' parsers.
2012-03-19 04:10:13,608 - Velocimacro : "velocimacro.library" is not set.  Trying default library: VM_global_library.vm
2012-03-19 04:10:13,608 - Velocimacro : Default library not found.
2012-03-19 04:10:13,608 - Velocimacro : allowInline = true : VMs can be defined inline in templates
2012-03-19 04:10:13,608 - Velocimacro : allowInlineToOverride = false : VMs defined inline may NOT replace previous VM definitions
2012-03-19 04:10:13,608 - Velocimacro : allowInlineLocal = false : VMs defined inline will be global in scope if allowed.
2012-03-19 04:10:13,608 - Velocimacro : autoload off : VM system will not automatically reload global library macros
2012-03-19 04:10:13,625 - ResourceManager : found /velocity/ with loader org.apache.velocity.runtime.resource.loader.StringResourceLoader
2012-03-19 04:11:03,136 - Log4JLogChute initialized using file 'velocity.log'
2012-03-19 04:11:03,137 - Initializing Velocity, Calling init()...
2012-03-19 04:11:03,137 - Starting Apache Velocity v1.7 (compiled: 2010-11-19 12:14:37)
2012-03-19 04:11:03,137 - Default Properties File: org\apache\velocity\runtime\defaults\velocity.properties
2012-03-19 04:11:03,137 - Trying to use logger class org.apache.velocity.runtime.log.AvalonLogChute
2012-03-19 04:11:03,137 - Target log system for org.apache.velocity.runtime.log.AvalonLogChute is not available (java.lang.NoClassDefFoundError: org/apache/log/format/Formatter).  Falling back to next log system...
2012-03-19 04:11:03,137 - Trying to use logger class org.apache.velocity.runtime.log.Log4JLogChute
2012-03-19 04:11:03,137 - Using logger class org.apache.velocity.runtime.log.Log4JLogChute
2012-03-19 04:11:03,147 - ResourceLoader instantiated: org.apache.velocity.runtime.resource.loader.StringResourceLoader
2012-03-19 04:11:03,150 - Creating string repository using class org.apache.velocity.runtime.resource.util.StringResourceRepositoryImpl...
2012-03-19 04:11:03,150 - Default repository encoding is UTF-8
2012-03-19 04:11:03,174 - ResourceCache: initialized (class org.apache.velocity.runtime.resource.ResourceCacheImpl) with class java.util.Collections$SynchronizedMap cache map.
2012-03-19 04:11:03,178 - Loaded System Directive: org.apache.velocity.runtime.directive.Stop
2012-03-19 04:11:03,181 - Loaded System Directive: org.apache.velocity.runtime.directive.Define
2012-03-19 04:11:03,183 - Loaded System Directive: org.apache.velocity.runtime.directive.Break
2012-03-19 04:11:03,185 - Loaded System Directive: org.apache.velocity.runtime.directive.Evaluate
2012-03-19 04:11:03,186 - Loaded System Directive: org.apache.velocity.runtime.directive.Literal
2012-03-19 04:11:03,189 - Loaded System Directive: org.apache.velocity.runtime.directive.Macro
2012-03-19 04:11:03,192 - Loaded System Directive: org.apache.velocity.runtime.directive.Parse
2012-03-19 04:11:03,195 - Loaded System Directive: org.apache.velocity.runtime.directive.Include
2012-03-19 04:11:03,198 - Loaded System Directive: org.apache.velocity.runtime.directive.Foreach
2012-03-19 04:11:03,268 - Created '20' parsers.
2012-03-19 04:11:03,290 - Velocimacro : "velocimacro.library" is not set.  Trying default library: VM_global_library.vm
2012-03-19 04:11:03,290 - Velocimacro : Default library not found.
2012-03-19 04:11:03,291 - Velocimacro : allowInline = true : VMs can be defined inline in templates
2012-03-19 04:11:03,291 - Velocimacro : allowInlineToOverride = false : VMs defined inline may NOT replace previous VM definitions
2012-03-19 04:11:03,291 - Velocimacro : allowInlineLocal = false : VMs defined inline will be global in scope if allowed.
2012-03-19 04:11:03,291 - Velocimacro : autoload off : VM system will not automatically reload global library macros
2012-03-19 04:11:03,306 - ResourceManager : found /velocity/ with loader org.apache.velocity.runtime.resource.loader.StringResourceLoader
2013-03-09 04:30:04,480 - ResourceManager : unable to find resource 'velocity/pager.vm' in any resource loader.
2013-03-09 04:30:23,387 - ResourceManager : unable to find resource 'velocity/pager.vm' in any resource loader.
2013-03-09 04:31:50,439 - ResourceManager : unable to find resource 'velocity/pager.vm' in any resource loader.
2013-03-09 04:32:59,081 - ResourceManager : unable to find resource 'velocity/pager.vm' in any resource loader.
2013-03-09 04:42:10,948 - ResourceManager : unable to find resource 'velocity/pager.vm' in any resource loader.
2013-03-09 04:43:20,650 - ResourceManager : unable to find resource 'velocity/pager.vm' in any resource loader.
